<?xml version="1.0" encoding="UTF-8"?>
<!-- Generated by org.testng.reporters.JUnitReportReporter -->
<testsuite hostname="DESKTOP-4DDVBEP" failures="0" tests="4" name="com.qa.tests.HomePageTest" time="28.927" errors="0" timestamp="2019-11-10T13:18:07 GMT-05:00" skipped="3">
  <testcase classname="com.qa.tests.HomePageTest" name="searchJewellery" time="28.927"/>
  <testcase classname="com.qa.tests.HomePageTest" name="openCartMethod">
    <skipped/>
  </testcase> <!-- openCartMethod -->
  <testcase classname="com.qa.tests.HomePageTest" name="getPageTitle">
    <skipped/>
  </testcase> <!-- getPageTitle -->
  <testcase classname="com.qa.tests.HomePageTest" name="searchAnything">
    <skipped/>
  </testcase> <!-- searchAnything -->
</testsuite> <!-- com.qa.tests.HomePageTest -->
