<?xml version="1.0" encoding="UTF-8"?>
<!-- Generated by org.testng.reporters.JUnitReportReporter -->
<testsuite hostname="DESKTOP-4DDVBEP" failures="0" tests="2" name="com.qa.tests.LoginPageTest" time="18.586" errors="0" timestamp="2019-11-10T09:09:21 GMT-05:00" skipped="1">
  <testcase classname="com.qa.tests.LoginPageTest" name="clickOnForgotPassword" time="18.586"/>
  <testcase classname="com.qa.tests.LoginPageTest" name="loginTest">
    <skipped/>
  </testcase> <!-- loginTest -->
</testsuite> <!-- com.qa.tests.LoginPageTest -->
